[2026-01-08T10:00:18.594+0000] {local_task_job_runner.py:120} INFO - ::group::Pre task execution logs
[2026-01-08T10:00:18.623+0000] {taskinstance.py:2076} INFO - Dependencies all met for dep_context=non-requeueable deps ti=<TaskInstance: spotify_minio_to_snowflake_bronze.load_raw_to_snowflake scheduled__2026-01-08T09:00:00+00:00 [queued]>
[2026-01-08T10:00:18.633+0000] {taskinstance.py:2076} INFO - Dependencies all met for dep_context=requeueable deps ti=<TaskInstance: spotify_minio_to_snowflake_bronze.load_raw_to_snowflake scheduled__2026-01-08T09:00:00+00:00 [queued]>
[2026-01-08T10:00:18.635+0000] {taskinstance.py:2306} INFO - Starting attempt 1 of 2
[2026-01-08T10:00:18.652+0000] {taskinstance.py:2330} INFO - Executing <Task(PythonOperator): load_raw_to_snowflake> on 2026-01-08 09:00:00+00:00
[2026-01-08T10:00:18.667+0000] {logging_mixin.py:188} WARNING - /home/airflow/.local/lib/python3.12/site-packages/airflow/task/task_runner/standard_task_runner.py:62 DeprecationWarning: This process (pid=1188) is multi-threaded, use of fork() may lead to deadlocks in the child.
[2026-01-08T10:00:18.664+0000] {standard_task_runner.py:90} INFO - Running: ['airflow', 'tasks', 'run', 'spotify_minio_to_snowflake_bronze', 'load_raw_to_snowflake', 'scheduled__2026-01-08T09:00:00+00:00', '--job-id', '10', '--raw', '--subdir', 'DAGS_FOLDER/minio-to-snowflake.py', '--cfg-path', '/tmp/tmpind23b_s']
[2026-01-08T10:00:18.668+0000] {standard_task_runner.py:64} INFO - Started process 1198 to run task
[2026-01-08T10:00:18.668+0000] {standard_task_runner.py:91} INFO - Job 10: Subtask load_raw_to_snowflake
[2026-01-08T10:00:18.752+0000] {task_command.py:426} INFO - Running <TaskInstance: spotify_minio_to_snowflake_bronze.load_raw_to_snowflake scheduled__2026-01-08T09:00:00+00:00 [running]> on host ac12af7bfd5f
[2026-01-08T10:00:18.851+0000] {taskinstance.py:2648} INFO - Exporting env vars: AIRFLOW_CTX_DAG_OWNER='airflow' AIRFLOW_CTX_DAG_ID='spotify_minio_to_snowflake_bronze' AIRFLOW_CTX_TASK_ID='load_raw_to_snowflake' AIRFLOW_CTX_EXECUTION_DATE='2026-01-08T09:00:00+00:00' AIRFLOW_CTX_TRY_NUMBER='1' AIRFLOW_CTX_DAG_RUN_ID='scheduled__2026-01-08T09:00:00+00:00'
[2026-01-08T10:00:18.853+0000] {taskinstance.py:430} INFO - ::endgroup::
[2026-01-08T10:00:18.889+0000] {connection.py:408} INFO - Snowflake Connector for Python Version: 3.11.0, Python Version: 3.12.4, Platform: Linux-6.6.87.2-microsoft-standard-WSL2-x86_64-with-glibc2.36
[2026-01-08T10:00:18.891+0000] {connection.py:1258} INFO - This connection is in OCSP Fail Open Mode. TLS Certificates would be checked for validity and revocation status. Any other Certificate Revocation related exceptions or OCSP Responder failures would be disregarded in favor of connectivity.
[2026-01-08T10:00:20.795+0000] {cursor.py:1149} INFO - Number of results in first chunk: 1
[2026-01-08T10:00:20.920+0000] {cursor.py:1149} INFO - Number of results in first chunk: 1
[2026-01-08T10:00:21.055+0000] {cursor.py:1149} INFO - Number of results in first chunk: 1
[2026-01-08T10:05:52.471+0000] {cursor.py:1149} INFO - Number of results in first chunk: 1
[2026-01-08T10:05:52.524+0000] {connection.py:773} INFO - closed
[2026-01-08T10:05:52.626+0000] {connection.py:779} INFO - No async queries seem to be running, deleting session
[2026-01-08T10:05:52.736+0000] {logging_mixin.py:188} INFO - ✅ Loaded 810 raw records into Snowflake table: SPOTIFY_EVENTS_BRONZE
[2026-01-08T10:05:52.739+0000] {python.py:237} INFO - Done. Returned value was: None
[2026-01-08T10:05:52.742+0000] {taskinstance.py:441} INFO - ::group::Post task execution logs
[2026-01-08T10:05:53.073+0000] {taskinstance.py:1206} INFO - Marking task as SUCCESS. dag_id=spotify_minio_to_snowflake_bronze, task_id=load_raw_to_snowflake, run_id=scheduled__2026-01-08T09:00:00+00:00, execution_date=20260108T090000, start_date=20260108T100018, end_date=20260108T100553
[2026-01-08T10:05:53.193+0000] {local_task_job_runner.py:243} INFO - Task exited with return code 0
[2026-01-08T10:05:53.354+0000] {taskinstance.py:3503} INFO - 0 downstream tasks scheduled from follow-on schedule check
[2026-01-08T10:05:53.358+0000] {local_task_job_runner.py:222} INFO - ::endgroup::
