[0m11:44:15.105250 [debug] [MainThread]: Sending event: {'category': 'dbt', 'action': 'invocation', 'label': 'start', 'context': [<snowplow_tracker.self_describing_json.SelfDescribingJson object at 0x000001B49EC8B250>, <snowplow_tracker.self_describing_json.SelfDescribingJson object at 0x000001B49EF4AD10>, <snowplow_tracker.self_describing_json.SelfDescribingJson object at 0x000001B49E20D950>]}


============================== 11:44:15.159808 | fa404438-2b11-4855-871e-f0e964391335 ==============================
[0m11:44:15.159808 [info ] [MainThread]: Running with dbt=1.10.5
[0m11:44:15.162540 [debug] [MainThread]: running dbt with arguments {'printer_width': '80', 'indirect_selection': 'eager', 'log_cache_events': 'False', 'write_json': 'True', 'partial_parse': 'True', 'cache_selected_only': 'False', 'profiles_dir': 'C:\\Users\\Kepher\\.dbt', 'debug': 'False', 'fail_fast': 'False', 'log_path': 'logs', 'version_check': 'True', 'warn_error': 'None', 'use_colors': 'True', 'use_experimental_parser': 'False', 'empty': 'None', 'quiet': 'False', 'no_print': 'None', 'log_format': 'default', 'invocation_command': 'dbt init', 'static_parser': 'True', 'warn_error_options': 'WarnErrorOptionsV2(error=[], warn=[], silence=[])', 'target_path': 'None', 'introspect': 'True', 'send_anonymous_usage_stats': 'True'}
[0m11:44:47.452357 [debug] [MainThread]: Starter project path: C:\Users\Kepher\AppData\Local\Packages\PythonSoftwareFoundation.Python.3.11_qbz5n2kfra8p0\LocalCache\local-packages\Python311\site-packages\dbt\include\starter_project
[0m11:44:47.619774 [info ] [MainThread]: 
Your new dbt project "spotify_dbt" was created!

For more information on how to configure the profiles.yml file,
please consult the dbt documentation here:

  https://docs.getdbt.com/docs/configure-your-profile

One more thing:

Need help? Don't hesitate to reach out to us via GitHub issues or on Slack:

  https://community.getdbt.com/

Happy modeling!

[0m11:44:47.619774 [info ] [MainThread]: Setting up your profile.
[0m11:53:13.517503 [info ] [MainThread]: Profile spotify_dbt written to C:\Users\Kepher\.dbt\profiles.yml using target's profile_template.yml and your supplied values. Run 'dbt debug' to validate the connection.
[0m11:53:13.682762 [debug] [MainThread]: Command `dbt init` succeeded at 11:53:13.677748 after 538.94 seconds
[0m11:53:13.693203 [debug] [MainThread]: Sending event: {'category': 'dbt', 'action': 'invocation', 'label': 'end', 'context': [<snowplow_tracker.self_describing_json.SelfDescribingJson object at 0x000001B49EF5A010>, <snowplow_tracker.self_describing_json.SelfDescribingJson object at 0x000001B499C9C490>, <snowplow_tracker.self_describing_json.SelfDescribingJson object at 0x000001B499D152D0>]}
[0m11:53:13.703550 [debug] [MainThread]: Flushing usage events
[0m11:53:15.284458 [debug] [MainThread]: An error was encountered while trying to flush usage events
